<?xml version="1.0" encoding="UTF-8"?>
<testng-results skipped="0" failed="0" total="1" passed="1">
  <reporter-output>
  </reporter-output>
  <suite name="Suite" duration-ms="4179" started-at="2019-02-18T09:51:28Z" finished-at="2019-02-18T09:51:32Z">
    <groups>
    </groups>
    <test name="Test" duration-ms="4179" started-at="2019-02-18T09:51:28Z" finished-at="2019-02-18T09:51:32Z">
      <class name="basicsOfRestAPI.GetMessage">
        <test-method status="PASS" signature="getPlaceAPI()" name="getPlaceAPI" duration-ms="4158" started-at="2019-02-18T09:51:28Z" finished-at="2019-02-18T09:51:32Z">
        </test-method>
      </class>
    </test>
  </suite>
</testng-results>
