<?xml version="1.0" encoding="UTF-8"?>
<testng-results skipped="0" failed="0" total="1" passed="1">
  <reporter-output>
  </reporter-output>
  <suite name="Default suite" duration-ms="3333" started-at="2019-02-21T14:21:11Z" finished-at="2019-02-21T14:21:14Z">
    <groups>
    </groups>
    <test name="Default test" duration-ms="3333" started-at="2019-02-21T14:21:11Z" finished-at="2019-02-21T14:21:14Z">
      <class name="basicsOfGoogleRestAPI.GetRequestGoogleDirectionsAPI">
        <test-method status="PASS" signature="googleDirections()" name="googleDirections" duration-ms="3323" started-at="2019-02-21T14:21:11Z" finished-at="2019-02-21T14:21:14Z">
        </test-method>
      </class>
    </test>
  </suite>
</testng-results>
